<?xml version="1.0" encoding="UTF-8"?>
<testsuite name="edu.uoc.pac4.wrestler.styles.HighFlyerTest" tests="1" skipped="0" failures="0" errors="0" timestamp="2023-12-08T14:55:30" hostname="MARC" time="0.003">
  <properties/>
  <testcase name="testToString()" classname="edu.uoc.pac4.wrestler.styles.HighFlyerTest" time="0.003"/>
  <system-out><![CDATA[]]></system-out>
  <system-err><![CDATA[]]></system-err>
</testsuite>
