<?xml version="1.0" encoding="UTF-8"?>
<testsuite name="edu.uoc.pac4.referee.RefereeTest" tests="1" skipped="0" failures="0" errors="0" timestamp="2023-12-08T14:55:30" hostname="MARC" time="0.028">
  <properties/>
  <testcase name="testDecide()" classname="edu.uoc.pac4.referee.RefereeTest" time="0.028"/>
  <system-out><![CDATA[]]></system-out>
  <system-err><![CDATA[]]></system-err>
</testsuite>
