<?xml version="1.0" encoding="UTF-8"?>
<testsuite name="edu.uoc.pac4.wrestler.properties.DefensePropertiesTest" tests="5" skipped="0" failures="0" errors="0" timestamp="2023-12-08T14:55:30" hostname="MARC" time="0.003">
  <properties/>
  <testcase name="getStrikeReversal()" classname="edu.uoc.pac4.wrestler.properties.DefensePropertiesTest" time="0.001"/>
  <testcase name="getOverall()" classname="edu.uoc.pac4.wrestler.properties.DefensePropertiesTest" time="0.0"/>
  <testcase name="size()" classname="edu.uoc.pac4.wrestler.properties.DefensePropertiesTest" time="0.0"/>
  <testcase name="getGrappleReversal()" classname="edu.uoc.pac4.wrestler.properties.DefensePropertiesTest" time="0.001"/>
  <testcase name="getAerialReversal()" classname="edu.uoc.pac4.wrestler.properties.DefensePropertiesTest" time="0.0"/>
  <system-out><![CDATA[]]></system-out>
  <system-err><![CDATA[]]></system-err>
</testsuite>
