<?xml version="1.0" encoding="UTF-8"?>
<testsuite name="edu.uoc.pac3.PassportTest" tests="11" skipped="0" failures="0" errors="0" timestamp="2023-11-17T22:29:13" hostname="MARC" time="0.025">
  <properties/>
  <testcase name="testVisaTypeValid()" classname="edu.uoc.pac3.PassportTest" time="0.013"/>
  <testcase name="Sanity - Methods definition" classname="edu.uoc.pac3.PassportTest" time="0.001"/>
  <testcase name="testExpirationDateInvalid()" classname="edu.uoc.pac3.PassportTest" time="0.001"/>
  <testcase name="testIssueDateValid()" classname="edu.uoc.pac3.PassportTest" time="0.0"/>
  <testcase name="testSetVisaTypeInvalid()" classname="edu.uoc.pac3.PassportTest" time="0.001"/>
  <testcase name="testSetPassportNumberInvalid()" classname="edu.uoc.pac3.PassportTest" time="0.001"/>
  <testcase name="testSetPassportNumberValid()" classname="edu.uoc.pac3.PassportTest" time="0.0"/>
  <testcase name="Sanity - Fields definition" classname="edu.uoc.pac3.PassportTest" time="0.0"/>
  <testcase name="testSetIssueDateInvalid()" classname="edu.uoc.pac3.PassportTest" time="0.0"/>
  <testcase name="testPassportCreation()" classname="edu.uoc.pac3.PassportTest" time="0.0"/>
  <testcase name="testExpirationDateValid()" classname="edu.uoc.pac3.PassportTest" time="0.001"/>
  <system-out><![CDATA[]]></system-out>
  <system-err><![CDATA[]]></system-err>
</testsuite>
