<?xml version="1.0" encoding="UTF-8"?>
<testsuite name="edu.uoc.pac2.SentenceAnalyzerTest" tests="4" skipped="0" failures="0" errors="0" timestamp="2023-10-28T18:09:59" hostname="MARC" time="0.012">
  <properties/>
  <testcase name="testEncrypt()" classname="edu.uoc.pac2.SentenceAnalyzerTest" time="0.01"/>
  <testcase name="testReverseSentence()" classname="edu.uoc.pac2.SentenceAnalyzerTest" time="0.001"/>
  <testcase name="testReverseWords()" classname="edu.uoc.pac2.SentenceAnalyzerTest" time="0.001"/>
  <testcase name="testDecrypt()" classname="edu.uoc.pac2.SentenceAnalyzerTest" time="0.0"/>
  <system-out><![CDATA[]]></system-out>
  <system-err><![CDATA[]]></system-err>
</testsuite>
