<?xml version="1.0" encoding="UTF-8"?>
<testsuite name="edu.uoc.pac3.VisaTypeTest" tests="7" skipped="0" failures="0" errors="0" timestamp="2023-11-17T22:28:30" hostname="MARC" time="0.004">
  <properties/>
  <testcase name="Sanity - Methods definition" classname="edu.uoc.pac3.VisaTypeTest" time="0.0"/>
  <testcase name="testVisaTypeDescriptions()" classname="edu.uoc.pac3.VisaTypeTest" time="0.0"/>
  <testcase name="testNext()" classname="edu.uoc.pac3.VisaTypeTest" time="0.001"/>
  <testcase name="testVisaTypeStringIdentifiers()" classname="edu.uoc.pac3.VisaTypeTest" time="0.0"/>
  <testcase name="testGetVisaTypeByStringIdentifier()" classname="edu.uoc.pac3.VisaTypeTest" time="0.0"/>
  <testcase name="testVisaTypeIntIdentifiers()" classname="edu.uoc.pac3.VisaTypeTest" time="0.0"/>
  <testcase name="Sanity - Fields definition" classname="edu.uoc.pac3.VisaTypeTest" time="0.0"/>
  <system-out><![CDATA[]]></system-out>
  <system-err><![CDATA[]]></system-err>
</testsuite>
