<?xml version="1.0" encoding="UTF-8"?>
<testsuite name="edu.uoc.pac3.FlightTest" tests="3" skipped="0" failures="0" errors="0" timestamp="2023-11-17T22:28:01" hostname="MARC" time="0.02">
  <properties/>
  <testcase name="test1()" classname="edu.uoc.pac3.FlightTest" time="0.016"/>
  <testcase name="test2()" classname="edu.uoc.pac3.FlightTest" time="0.001"/>
  <testcase name="testWrongFile()" classname="edu.uoc.pac3.FlightTest" time="0.001"/>
  <system-out><![CDATA[]]></system-out>
  <system-err><![CDATA[]]></system-err>
</testsuite>
