<?xml version="1.0" encoding="UTF-8"?>
<testsuite name="edu.uoc.pac4.SuperstarEqualsStringTest" tests="6" skipped="0" failures="0" errors="0" timestamp="2023-12-08T14:55:06" hostname="MARC" time="0.028">
  <properties/>
  <testcase name="testToString()" classname="edu.uoc.pac4.SuperstarEqualsStringTest" time="0.024"/>
  <testcase name="testEqualsKO1()" classname="edu.uoc.pac4.SuperstarEqualsStringTest" time="0.001"/>
  <testcase name="testEqualsKO2()" classname="edu.uoc.pac4.SuperstarEqualsStringTest" time="0.001"/>
  <testcase name="testEqualsKO3()" classname="edu.uoc.pac4.SuperstarEqualsStringTest" time="0.0"/>
  <testcase name="testEqualsOK1()" classname="edu.uoc.pac4.SuperstarEqualsStringTest" time="0.0"/>
  <testcase name="testEqualsOK2()" classname="edu.uoc.pac4.SuperstarEqualsStringTest" time="0.001"/>
  <system-out><![CDATA[]]></system-out>
  <system-err><![CDATA[]]></system-err>
</testsuite>
