<?xml version="1.0" encoding="UTF-8"?>
<testsuite name="edu.uoc.pac4.SpeakableTest" tests="1" skipped="0" failures="0" errors="0" timestamp="2023-12-08T14:55:25" hostname="MARC" time="0.023">
  <properties/>
  <testcase name="Sanity - Methods definition" classname="edu.uoc.pac4.SpeakableTest" time="0.023"/>
  <system-out><![CDATA[]]></system-out>
  <system-err><![CDATA[]]></system-err>
</testsuite>
