<?xml version="1.0" encoding="UTF-8"?>
<testsuite name="edu.uoc.pac4.wrestler.properties.AgilityPropertiesTest" tests="7" skipped="0" failures="0" errors="0" timestamp="2023-12-08T14:55:25" hostname="MARC" time="0.007">
  <properties/>
  <testcase name="Sanity - Methods definition" classname="edu.uoc.pac4.wrestler.properties.AgilityPropertiesTest" time="0.0"/>
  <testcase name="getAcrobatics()" classname="edu.uoc.pac4.wrestler.properties.AgilityPropertiesTest" time="0.001"/>
  <testcase name="getJump()" classname="edu.uoc.pac4.wrestler.properties.AgilityPropertiesTest" time="0.001"/>
  <testcase name="getOverall()" classname="edu.uoc.pac4.wrestler.properties.AgilityPropertiesTest" time="0.0"/>
  <testcase name="size()" classname="edu.uoc.pac4.wrestler.properties.AgilityPropertiesTest" time="0.0"/>
  <testcase name="Sanity - Fields definition" classname="edu.uoc.pac4.wrestler.properties.AgilityPropertiesTest" time="0.0"/>
  <testcase name="getSpeed()" classname="edu.uoc.pac4.wrestler.properties.AgilityPropertiesTest" time="0.001"/>
  <system-out><![CDATA[]]></system-out>
  <system-err><![CDATA[]]></system-err>
</testsuite>
